<?xml version="1.0" encoding="UTF-8"?>
<!-- Generated by org.testng.reporters.JUnitXMLReporter -->
<testsuite hostname="DESKTOP-ONBI019" ignored="1" name="Error Validation Test" tests="1" failures="0" timestamp="13 Mar 2023 18:31:19 GMT" time="4.772" errors="0">
  <testcase name="@BeforeMethod launchApplication" time="4.633" classname="SeleniumFrameworkDesign.TestComponents.BaseTest">
    <failure type="org.openqa.selenium.remote.http.ConnectionFailedException" message="Unable to establish websocket connection to http://localhost:59253/devtools/browser/50a381d4-00f4-4d08-97d3-0bcbff83177a
Build info: version: &amp;apos;4.7.2&amp;apos;, revision: &amp;apos;4d4020c3b7&amp;apos;
System info: os.name: &amp;apos;Windows 10&amp;apos;, os.arch: &amp;apos;amd64&amp;apos;, os.version: &amp;apos;10.0&amp;apos;, java.version: &amp;apos;1.8.0_231&amp;apos;
Driver info: driver.version: ChromeDriver">
      <![CDATA[org.openqa.selenium.remote.http.ConnectionFailedException: Unable to establish websocket connection to http://localhost:59253/devtools/browser/50a381d4-00f4-4d08-97d3-0bcbff83177a
Build info: version: '4.7.2', revision: '4d4020c3b7'
System info: os.name: 'Windows 10', os.arch: 'amd64', os.version: '10.0', java.version: '1.8.0_231'
Driver info: driver.version: ChromeDriver
at org.openqa.selenium.remote.http.netty.NettyWebSocket.<init>(NettyWebSocket.java:102)
at org.openqa.selenium.remote.http.netty.NettyWebSocket.lambda$create$3(NettyWebSocket.java:128)
at org.openqa.selenium.remote.http.netty.NettyClient.openSocket(NettyClient.java:107)
at org.openqa.selenium.devtools.Connection.<init>(Connection.java:78)
at org.openqa.selenium.chromium.ChromiumDriver.lambda$new$2(ChromiumDriver.java:116)
at java.util.Optional.map(Optional.java:215)
at org.openqa.selenium.chromium.ChromiumDriver.<init>(ChromiumDriver.java:114)
at org.openqa.selenium.chrome.ChromeDriver.<init>(ChromeDriver.java:82)
at org.openqa.selenium.chrome.ChromeDriver.<init>(ChromeDriver.java:71)
at SeleniumFrameworkDesign.TestComponents.BaseTest.intializeDriver(BaseTest.java:56)
at SeleniumFrameworkDesign.TestComponents.BaseTest.launchApplication(BaseTest.java:108)
at java.util.concurrent.FutureTask.run(FutureTask.java:266)
at java.util.concurrent.ThreadPoolExecutor.runWorker(ThreadPoolExecutor.java:1149)
at java.util.concurrent.ThreadPoolExecutor$Worker.run(ThreadPoolExecutor.java:624)
at java.lang.Thread.run(Thread.java:748)
... Removed 19 stack frames]]>
    </failure>
  </testcase> <!-- @BeforeMethod launchApplication -->
  <testcase name="@AfterMethod tearDown" time="0.019" classname="SeleniumFrameworkDesign.TestComponents.BaseTest">
    <failure type="java.lang.NullPointerException">
      <![CDATA[java.lang.NullPointerException
at SeleniumFrameworkDesign.TestComponents.BaseTest.tearDown(BaseTest.java:117)
at java.util.concurrent.FutureTask.run(FutureTask.java:266)
at java.util.concurrent.ThreadPoolExecutor.runWorker(ThreadPoolExecutor.java:1149)
at java.util.concurrent.ThreadPoolExecutor$Worker.run(ThreadPoolExecutor.java:624)
at java.lang.Thread.run(Thread.java:748)
... Removed 19 stack frames]]>
    </failure>
  </testcase> <!-- @AfterMethod tearDown -->
  <testcase name="loginErrorValidationTest" time="0.0" classname="SeleniumFrameworkDesign.Test.ErrorValidationTest">
    <skipped/>
  </testcase> <!-- loginErrorValidationTest -->
  <testcase name="productErrorValidationTest" time="0.0" classname="SeleniumFrameworkDesign.Test.ErrorValidationTest">
    <ignored/>
  </testcase> <!-- productErrorValidationTest -->
</testsuite> <!-- Error Validation Test -->
